{
  "stats": {
    "suites": 1,
    "tests": 18,
    "passes": 18,
    "pending": 0,
    "failures": 0,
    "start": "2025-08-12T23:36:40.215Z",
    "end": "2025-08-12T23:37:44.508Z",
    "duration": 64293,
    "testsRegistered": 18,
    "passPercent": 100,
    "pendingPercent": 0,
    "other": 0,
    "hasOther": false,
    "skipped": 0,
    "hasSkipped": false
  },
  "results": [
    {
      "uuid": "93152651-fda9-438b-85c8-48161ea78e16",
      "title": "",
      "fullFile": "cypress/e2e/appointment/makeAppointment.cy.js",
      "file": "cypress/e2e/appointment/makeAppointment.cy.js",
      "beforeHooks": [],
      "afterHooks": [],
      "tests": [],
      "suites": [
        {
          "uuid": "fe925f18-47ca-48e5-8974-ca0f41874fdd",
          "title": "Cura Health Services Appointment Tests",
          "fullFile": "",
          "file": "",
          "beforeHooks": [],
          "afterHooks": [],
          "tests": [
            {
              "title": "MKA-0001 - Make an appointment at Tokyo CURA Healthcare Center with medicare",
              "fullTitle": "Cura Health Services Appointment Tests MKA-0001 - Make an appointment at Tokyo CURA Healthcare Center with medicare",
              "timedOut": null,
              "duration": 5330,
              "state": "passed",
              "speed": "medium",
              "pass": true,
              "fail": false,
              "pending": false,
              "context": null,
              "code": "cy.get('select#combo_facility').select(facility);\ncy.get('input#chk_hospotal_readmission').check();\ncy.get(`input#radio_program_${healthProgram}`).check();\ncy.get('input#txt_visit_date').type('2023-10-01').click();\ncy.get('textarea#txt_comment').click({\n  force: true\n}).type('This is a test appointment.');\ncy.get('button[type=\"submit\"]').click();\n// Verifikasi untuk appointment confirmation\ncy.contains('h2', 'Appointment Confirmation').should('contain', 'Appointment Confirmation');",
              "err": {},
              "uuid": "bab410e9-7c88-4cb4-a953-1d5e24b3d9bc",
              "parentUUID": "fe925f18-47ca-48e5-8974-ca0f41874fdd",
              "isHook": false,
              "skipped": false
            },
            {
              "title": "MKA-0002 - Logout after making an appointment",
              "fullTitle": "Cura Health Services Appointment Tests MKA-0002 - Logout after making an appointment",
              "timedOut": null,
              "duration": 3710,
              "state": "passed",
              "speed": "fast",
              "pass": true,
              "fail": false,
              "pending": false,
              "context": null,
              "code": "cy.get('select#combo_facility').select('Hongkong CURA Healthcare Center');\ncy.get('input#chk_hospotal_readmission').check();\ncy.get('input#radio_program_medicare').check();\ncy.get('input#txt_visit_date').type('2023-10-01').click();\ncy.get('textarea#txt_comment').click({\n  force: true\n}).type('This is a test appointment.');\ncy.get('button[type=\"submit\"]').click();\ncy.contains('h2', 'Appointment Confirmation').should('contain', 'Appointment Confirmation');\ncy.get('i.fa-bars').click();\ncy.get('a[href=\"authenticate.php?logout\"]').click();\ncy.get('h1').should('contain', 'CURA Healthcare Service');",
              "err": {},
              "uuid": "c8ffd194-616c-4b5f-89c2-2d39bb675663",
              "parentUUID": "fe925f18-47ca-48e5-8974-ca0f41874fdd",
              "isHook": false,
              "skipped": false
            },
            {
              "title": "MKA-0001 - Make an appointment at Tokyo CURA Healthcare Center with medicaid",
              "fullTitle": "Cura Health Services Appointment Tests MKA-0001 - Make an appointment at Tokyo CURA Healthcare Center with medicaid",
              "timedOut": null,
              "duration": 3165,
              "state": "passed",
              "speed": "fast",
              "pass": true,
              "fail": false,
              "pending": false,
              "context": null,
              "code": "cy.get('select#combo_facility').select(facility);\ncy.get('input#chk_hospotal_readmission').check();\ncy.get(`input#radio_program_${healthProgram}`).check();\ncy.get('input#txt_visit_date').type('2023-10-01').click();\ncy.get('textarea#txt_comment').click({\n  force: true\n}).type('This is a test appointment.');\ncy.get('button[type=\"submit\"]').click();\n// Verifikasi untuk appointment confirmation\ncy.contains('h2', 'Appointment Confirmation').should('contain', 'Appointment Confirmation');",
              "err": {},
              "uuid": "0638d6ed-f971-4f4d-b768-fdc15db6af11",
              "parentUUID": "fe925f18-47ca-48e5-8974-ca0f41874fdd",
              "isHook": false,
              "skipped": false
            },
            {
              "title": "MKA-0002 - Logout after making an appointment",
              "fullTitle": "Cura Health Services Appointment Tests MKA-0002 - Logout after making an appointment",
              "timedOut": null,
              "duration": 3709,
              "state": "passed",
              "speed": "fast",
              "pass": true,
              "fail": false,
              "pending": false,
              "context": null,
              "code": "cy.get('select#combo_facility').select('Hongkong CURA Healthcare Center');\ncy.get('input#chk_hospotal_readmission').check();\ncy.get('input#radio_program_medicare').check();\ncy.get('input#txt_visit_date').type('2023-10-01').click();\ncy.get('textarea#txt_comment').click({\n  force: true\n}).type('This is a test appointment.');\ncy.get('button[type=\"submit\"]').click();\ncy.contains('h2', 'Appointment Confirmation').should('contain', 'Appointment Confirmation');\ncy.get('i.fa-bars').click();\ncy.get('a[href=\"authenticate.php?logout\"]').click();\ncy.get('h1').should('contain', 'CURA Healthcare Service');",
              "err": {},
              "uuid": "a485c2eb-3606-4e39-9fc3-4bca804930f9",
              "parentUUID": "fe925f18-47ca-48e5-8974-ca0f41874fdd",
              "isHook": false,
              "skipped": false
            },
            {
              "title": "MKA-0001 - Make an appointment at Tokyo CURA Healthcare Center with none",
              "fullTitle": "Cura Health Services Appointment Tests MKA-0001 - Make an appointment at Tokyo CURA Healthcare Center with none",
              "timedOut": null,
              "duration": 3219,
              "state": "passed",
              "speed": "fast",
              "pass": true,
              "fail": false,
              "pending": false,
              "context": null,
              "code": "cy.get('select#combo_facility').select(facility);\ncy.get('input#chk_hospotal_readmission').check();\ncy.get(`input#radio_program_${healthProgram}`).check();\ncy.get('input#txt_visit_date').type('2023-10-01').click();\ncy.get('textarea#txt_comment').click({\n  force: true\n}).type('This is a test appointment.');\ncy.get('button[type=\"submit\"]').click();\n// Verifikasi untuk appointment confirmation\ncy.contains('h2', 'Appointment Confirmation').should('contain', 'Appointment Confirmation');",
              "err": {},
              "uuid": "46a489ae-2aad-4382-bc1f-a65f5764b33d",
              "parentUUID": "fe925f18-47ca-48e5-8974-ca0f41874fdd",
              "isHook": false,
              "skipped": false
            },
            {
              "title": "MKA-0002 - Logout after making an appointment",
              "fullTitle": "Cura Health Services Appointment Tests MKA-0002 - Logout after making an appointment",
              "timedOut": null,
              "duration": 3857,
              "state": "passed",
              "speed": "fast",
              "pass": true,
              "fail": false,
              "pending": false,
              "context": null,
              "code": "cy.get('select#combo_facility').select('Hongkong CURA Healthcare Center');\ncy.get('input#chk_hospotal_readmission').check();\ncy.get('input#radio_program_medicare').check();\ncy.get('input#txt_visit_date').type('2023-10-01').click();\ncy.get('textarea#txt_comment').click({\n  force: true\n}).type('This is a test appointment.');\ncy.get('button[type=\"submit\"]').click();\ncy.contains('h2', 'Appointment Confirmation').should('contain', 'Appointment Confirmation');\ncy.get('i.fa-bars').click();\ncy.get('a[href=\"authenticate.php?logout\"]').click();\ncy.get('h1').should('contain', 'CURA Healthcare Service');",
              "err": {},
              "uuid": "9b3232d6-dc31-4533-b22b-5fea5f95c7c1",
              "parentUUID": "fe925f18-47ca-48e5-8974-ca0f41874fdd",
              "isHook": false,
              "skipped": false
            },
            {
              "title": "MKA-0001 - Make an appointment at Hongkong CURA Healthcare Center with medicare",
              "fullTitle": "Cura Health Services Appointment Tests MKA-0001 - Make an appointment at Hongkong CURA Healthcare Center with medicare",
              "timedOut": null,
              "duration": 3106,
              "state": "passed",
              "speed": "fast",
              "pass": true,
              "fail": false,
              "pending": false,
              "context": null,
              "code": "cy.get('select#combo_facility').select(facility);\ncy.get('input#chk_hospotal_readmission').check();\ncy.get(`input#radio_program_${healthProgram}`).check();\ncy.get('input#txt_visit_date').type('2023-10-01').click();\ncy.get('textarea#txt_comment').click({\n  force: true\n}).type('This is a test appointment.');\ncy.get('button[type=\"submit\"]').click();\n// Verifikasi untuk appointment confirmation\ncy.contains('h2', 'Appointment Confirmation').should('contain', 'Appointment Confirmation');",
              "err": {},
              "uuid": "2d42fa24-9e33-4ab6-9fc2-ab83eaf75982",
              "parentUUID": "fe925f18-47ca-48e5-8974-ca0f41874fdd",
              "isHook": false,
              "skipped": false
            },
            {
              "title": "MKA-0002 - Logout after making an appointment",
              "fullTitle": "Cura Health Services Appointment Tests MKA-0002 - Logout after making an appointment",
              "timedOut": null,
              "duration": 3740,
              "state": "passed",
              "speed": "fast",
              "pass": true,
              "fail": false,
              "pending": false,
              "context": null,
              "code": "cy.get('select#combo_facility').select('Hongkong CURA Healthcare Center');\ncy.get('input#chk_hospotal_readmission').check();\ncy.get('input#radio_program_medicare').check();\ncy.get('input#txt_visit_date').type('2023-10-01').click();\ncy.get('textarea#txt_comment').click({\n  force: true\n}).type('This is a test appointment.');\ncy.get('button[type=\"submit\"]').click();\ncy.contains('h2', 'Appointment Confirmation').should('contain', 'Appointment Confirmation');\ncy.get('i.fa-bars').click();\ncy.get('a[href=\"authenticate.php?logout\"]').click();\ncy.get('h1').should('contain', 'CURA Healthcare Service');",
              "err": {},
              "uuid": "dfe24a18-9784-4410-9f36-f77769b51772",
              "parentUUID": "fe925f18-47ca-48e5-8974-ca0f41874fdd",
              "isHook": false,
              "skipped": false
            },
            {
              "title": "MKA-0001 - Make an appointment at Hongkong CURA Healthcare Center with medicaid",
              "fullTitle": "Cura Health Services Appointment Tests MKA-0001 - Make an appointment at Hongkong CURA Healthcare Center with medicaid",
              "timedOut": null,
              "duration": 3137,
              "state": "passed",
              "speed": "fast",
              "pass": true,
              "fail": false,
              "pending": false,
              "context": null,
              "code": "cy.get('select#combo_facility').select(facility);\ncy.get('input#chk_hospotal_readmission').check();\ncy.get(`input#radio_program_${healthProgram}`).check();\ncy.get('input#txt_visit_date').type('2023-10-01').click();\ncy.get('textarea#txt_comment').click({\n  force: true\n}).type('This is a test appointment.');\ncy.get('button[type=\"submit\"]').click();\n// Verifikasi untuk appointment confirmation\ncy.contains('h2', 'Appointment Confirmation').should('contain', 'Appointment Confirmation');",
              "err": {},
              "uuid": "5a8801e4-168b-4ccf-942b-6b7c95534c76",
              "parentUUID": "fe925f18-47ca-48e5-8974-ca0f41874fdd",
              "isHook": false,
              "skipped": false
            },
            {
              "title": "MKA-0002 - Logout after making an appointment",
              "fullTitle": "Cura Health Services Appointment Tests MKA-0002 - Logout after making an appointment",
              "timedOut": null,
              "duration": 3706,
              "state": "passed",
              "speed": "fast",
              "pass": true,
              "fail": false,
              "pending": false,
              "context": null,
              "code": "cy.get('select#combo_facility').select('Hongkong CURA Healthcare Center');\ncy.get('input#chk_hospotal_readmission').check();\ncy.get('input#radio_program_medicare').check();\ncy.get('input#txt_visit_date').type('2023-10-01').click();\ncy.get('textarea#txt_comment').click({\n  force: true\n}).type('This is a test appointment.');\ncy.get('button[type=\"submit\"]').click();\ncy.contains('h2', 'Appointment Confirmation').should('contain', 'Appointment Confirmation');\ncy.get('i.fa-bars').click();\ncy.get('a[href=\"authenticate.php?logout\"]').click();\ncy.get('h1').should('contain', 'CURA Healthcare Service');",
              "err": {},
              "uuid": "914aa42f-fc82-4880-b325-5fa16972974b",
              "parentUUID": "fe925f18-47ca-48e5-8974-ca0f41874fdd",
              "isHook": false,
              "skipped": false
            },
            {
              "title": "MKA-0001 - Make an appointment at Hongkong CURA Healthcare Center with none",
              "fullTitle": "Cura Health Services Appointment Tests MKA-0001 - Make an appointment at Hongkong CURA Healthcare Center with none",
              "timedOut": null,
              "duration": 3149,
              "state": "passed",
              "speed": "fast",
              "pass": true,
              "fail": false,
              "pending": false,
              "context": null,
              "code": "cy.get('select#combo_facility').select(facility);\ncy.get('input#chk_hospotal_readmission').check();\ncy.get(`input#radio_program_${healthProgram}`).check();\ncy.get('input#txt_visit_date').type('2023-10-01').click();\ncy.get('textarea#txt_comment').click({\n  force: true\n}).type('This is a test appointment.');\ncy.get('button[type=\"submit\"]').click();\n// Verifikasi untuk appointment confirmation\ncy.contains('h2', 'Appointment Confirmation').should('contain', 'Appointment Confirmation');",
              "err": {},
              "uuid": "477a68a9-27b9-4497-acd9-915d70386a30",
              "parentUUID": "fe925f18-47ca-48e5-8974-ca0f41874fdd",
              "isHook": false,
              "skipped": false
            },
            {
              "title": "MKA-0002 - Logout after making an appointment",
              "fullTitle": "Cura Health Services Appointment Tests MKA-0002 - Logout after making an appointment",
              "timedOut": null,
              "duration": 3720,
              "state": "passed",
              "speed": "fast",
              "pass": true,
              "fail": false,
              "pending": false,
              "context": null,
              "code": "cy.get('select#combo_facility').select('Hongkong CURA Healthcare Center');\ncy.get('input#chk_hospotal_readmission').check();\ncy.get('input#radio_program_medicare').check();\ncy.get('input#txt_visit_date').type('2023-10-01').click();\ncy.get('textarea#txt_comment').click({\n  force: true\n}).type('This is a test appointment.');\ncy.get('button[type=\"submit\"]').click();\ncy.contains('h2', 'Appointment Confirmation').should('contain', 'Appointment Confirmation');\ncy.get('i.fa-bars').click();\ncy.get('a[href=\"authenticate.php?logout\"]').click();\ncy.get('h1').should('contain', 'CURA Healthcare Service');",
              "err": {},
              "uuid": "0b26eabb-409d-4db8-9240-ba0fb9f7f525",
              "parentUUID": "fe925f18-47ca-48e5-8974-ca0f41874fdd",
              "isHook": false,
              "skipped": false
            },
            {
              "title": "MKA-0001 - Make an appointment at Seoul CURA Healthcare Center with medicare",
              "fullTitle": "Cura Health Services Appointment Tests MKA-0001 - Make an appointment at Seoul CURA Healthcare Center with medicare",
              "timedOut": null,
              "duration": 3127,
              "state": "passed",
              "speed": "fast",
              "pass": true,
              "fail": false,
              "pending": false,
              "context": null,
              "code": "cy.get('select#combo_facility').select(facility);\ncy.get('input#chk_hospotal_readmission').check();\ncy.get(`input#radio_program_${healthProgram}`).check();\ncy.get('input#txt_visit_date').type('2023-10-01').click();\ncy.get('textarea#txt_comment').click({\n  force: true\n}).type('This is a test appointment.');\ncy.get('button[type=\"submit\"]').click();\n// Verifikasi untuk appointment confirmation\ncy.contains('h2', 'Appointment Confirmation').should('contain', 'Appointment Confirmation');",
              "err": {},
              "uuid": "7b2ce888-f7f0-4ee9-abce-22a296a8116d",
              "parentUUID": "fe925f18-47ca-48e5-8974-ca0f41874fdd",
              "isHook": false,
              "skipped": false
            },
            {
              "title": "MKA-0002 - Logout after making an appointment",
              "fullTitle": "Cura Health Services Appointment Tests MKA-0002 - Logout after making an appointment",
              "timedOut": null,
              "duration": 3777,
              "state": "passed",
              "speed": "fast",
              "pass": true,
              "fail": false,
              "pending": false,
              "context": null,
              "code": "cy.get('select#combo_facility').select('Hongkong CURA Healthcare Center');\ncy.get('input#chk_hospotal_readmission').check();\ncy.get('input#radio_program_medicare').check();\ncy.get('input#txt_visit_date').type('2023-10-01').click();\ncy.get('textarea#txt_comment').click({\n  force: true\n}).type('This is a test appointment.');\ncy.get('button[type=\"submit\"]').click();\ncy.contains('h2', 'Appointment Confirmation').should('contain', 'Appointment Confirmation');\ncy.get('i.fa-bars').click();\ncy.get('a[href=\"authenticate.php?logout\"]').click();\ncy.get('h1').should('contain', 'CURA Healthcare Service');",
              "err": {},
              "uuid": "9de0b518-0663-4e30-9989-17a0d671c408",
              "parentUUID": "fe925f18-47ca-48e5-8974-ca0f41874fdd",
              "isHook": false,
              "skipped": false
            },
            {
              "title": "MKA-0001 - Make an appointment at Seoul CURA Healthcare Center with medicaid",
              "fullTitle": "Cura Health Services Appointment Tests MKA-0001 - Make an appointment at Seoul CURA Healthcare Center with medicaid",
              "timedOut": null,
              "duration": 3124,
              "state": "passed",
              "speed": "fast",
              "pass": true,
              "fail": false,
              "pending": false,
              "context": null,
              "code": "cy.get('select#combo_facility').select(facility);\ncy.get('input#chk_hospotal_readmission').check();\ncy.get(`input#radio_program_${healthProgram}`).check();\ncy.get('input#txt_visit_date').type('2023-10-01').click();\ncy.get('textarea#txt_comment').click({\n  force: true\n}).type('This is a test appointment.');\ncy.get('button[type=\"submit\"]').click();\n// Verifikasi untuk appointment confirmation\ncy.contains('h2', 'Appointment Confirmation').should('contain', 'Appointment Confirmation');",
              "err": {},
              "uuid": "b4c2da85-aee4-4fe5-a6fe-796df2439892",
              "parentUUID": "fe925f18-47ca-48e5-8974-ca0f41874fdd",
              "isHook": false,
              "skipped": false
            },
            {
              "title": "MKA-0002 - Logout after making an appointment",
              "fullTitle": "Cura Health Services Appointment Tests MKA-0002 - Logout after making an appointment",
              "timedOut": null,
              "duration": 3679,
              "state": "passed",
              "speed": "fast",
              "pass": true,
              "fail": false,
              "pending": false,
              "context": null,
              "code": "cy.get('select#combo_facility').select('Hongkong CURA Healthcare Center');\ncy.get('input#chk_hospotal_readmission').check();\ncy.get('input#radio_program_medicare').check();\ncy.get('input#txt_visit_date').type('2023-10-01').click();\ncy.get('textarea#txt_comment').click({\n  force: true\n}).type('This is a test appointment.');\ncy.get('button[type=\"submit\"]').click();\ncy.contains('h2', 'Appointment Confirmation').should('contain', 'Appointment Confirmation');\ncy.get('i.fa-bars').click();\ncy.get('a[href=\"authenticate.php?logout\"]').click();\ncy.get('h1').should('contain', 'CURA Healthcare Service');",
              "err": {},
              "uuid": "63475771-0d35-4d2f-bdfb-4d6a737a8563",
              "parentUUID": "fe925f18-47ca-48e5-8974-ca0f41874fdd",
              "isHook": false,
              "skipped": false
            },
            {
              "title": "MKA-0001 - Make an appointment at Seoul CURA Healthcare Center with none",
              "fullTitle": "Cura Health Services Appointment Tests MKA-0001 - Make an appointment at Seoul CURA Healthcare Center with none",
              "timedOut": null,
              "duration": 3139,
              "state": "passed",
              "speed": "fast",
              "pass": true,
              "fail": false,
              "pending": false,
              "context": null,
              "code": "cy.get('select#combo_facility').select(facility);\ncy.get('input#chk_hospotal_readmission').check();\ncy.get(`input#radio_program_${healthProgram}`).check();\ncy.get('input#txt_visit_date').type('2023-10-01').click();\ncy.get('textarea#txt_comment').click({\n  force: true\n}).type('This is a test appointment.');\ncy.get('button[type=\"submit\"]').click();\n// Verifikasi untuk appointment confirmation\ncy.contains('h2', 'Appointment Confirmation').should('contain', 'Appointment Confirmation');",
              "err": {},
              "uuid": "a9b90f90-2a1b-4cec-b17a-fb71ee16ec0e",
              "parentUUID": "fe925f18-47ca-48e5-8974-ca0f41874fdd",
              "isHook": false,
              "skipped": false
            },
            {
              "title": "MKA-0002 - Logout after making an appointment",
              "fullTitle": "Cura Health Services Appointment Tests MKA-0002 - Logout after making an appointment",
              "timedOut": null,
              "duration": 3697,
              "state": "passed",
              "speed": "fast",
              "pass": true,
              "fail": false,
              "pending": false,
              "context": null,
              "code": "cy.get('select#combo_facility').select('Hongkong CURA Healthcare Center');\ncy.get('input#chk_hospotal_readmission').check();\ncy.get('input#radio_program_medicare').check();\ncy.get('input#txt_visit_date').type('2023-10-01').click();\ncy.get('textarea#txt_comment').click({\n  force: true\n}).type('This is a test appointment.');\ncy.get('button[type=\"submit\"]').click();\ncy.contains('h2', 'Appointment Confirmation').should('contain', 'Appointment Confirmation');\ncy.get('i.fa-bars').click();\ncy.get('a[href=\"authenticate.php?logout\"]').click();\ncy.get('h1').should('contain', 'CURA Healthcare Service');",
              "err": {},
              "uuid": "38f3f04d-9136-4cd0-8bf9-a05cb50dff86",
              "parentUUID": "fe925f18-47ca-48e5-8974-ca0f41874fdd",
              "isHook": false,
              "skipped": false
            }
          ],
          "suites": [],
          "passes": [
            "bab410e9-7c88-4cb4-a953-1d5e24b3d9bc",
            "c8ffd194-616c-4b5f-89c2-2d39bb675663",
            "0638d6ed-f971-4f4d-b768-fdc15db6af11",
            "a485c2eb-3606-4e39-9fc3-4bca804930f9",
            "46a489ae-2aad-4382-bc1f-a65f5764b33d",
            "9b3232d6-dc31-4533-b22b-5fea5f95c7c1",
            "2d42fa24-9e33-4ab6-9fc2-ab83eaf75982",
            "dfe24a18-9784-4410-9f36-f77769b51772",
            "5a8801e4-168b-4ccf-942b-6b7c95534c76",
            "914aa42f-fc82-4880-b325-5fa16972974b",
            "477a68a9-27b9-4497-acd9-915d70386a30",
            "0b26eabb-409d-4db8-9240-ba0fb9f7f525",
            "7b2ce888-f7f0-4ee9-abce-22a296a8116d",
            "9de0b518-0663-4e30-9989-17a0d671c408",
            "b4c2da85-aee4-4fe5-a6fe-796df2439892",
            "63475771-0d35-4d2f-bdfb-4d6a737a8563",
            "a9b90f90-2a1b-4cec-b17a-fb71ee16ec0e",
            "38f3f04d-9136-4cd0-8bf9-a05cb50dff86"
          ],
          "failures": [],
          "pending": [],
          "skipped": [],
          "duration": 64091,
          "root": false,
          "rootEmpty": false,
          "_timeout": 2000
        }
      ],
      "passes": [],
      "failures": [],
      "pending": [],
      "skipped": [],
      "duration": 0,
      "root": true,
      "rootEmpty": true,
      "_timeout": 2000
    }
  ],
  "meta": {
    "mocha": {
      "version": "7.2.0"
    },
    "mochawesome": {
      "options": {
        "quiet": false,
        "reportFilename": "mochawesome",
        "saveHtml": true,
        "saveJson": true,
        "consoleReporter": "spec",
        "useInlineDiffs": false,
        "code": true
      },
      "version": "7.1.3"
    },
    "marge": {
      "options": null,
      "version": "6.2.0"
    }
  }
}